<?xml version="1.0" encoding="UTF-8"?>
<!-- Generated by org.testng.reporters.JUnitReportReporter -->
<testsuite hostname="192.168.1.33" failures="0" tests="1" name="com.axios.test.CurrecyConverterTestScript" time="16.360" errors="0" timestamp="2022-08-18T19:37:02 IST" skipped="0">
  <testcase classname="com.axios.test.CurrecyConverterTestScript" name="verifyAcccountDetails" time="16.360"/>
  <system-out/>
</testsuite> <!-- com.axios.test.CurrecyConverterTestScript -->
